<svg xmlns="http://www.w3.org/2000/svg" viewBox="0 0 800 500">
  <rect width="800" height="500" fill="#EDE7F6"/>

  <text x="400" y="42" text-anchor="middle" font-family="Arial" font-size="32" font-weight="bold" fill="#4527A0">
    Tocca Greenwich e i Poli
  </text>

  <circle cx="400" cy="260" r="165" fill="#B3E5FC" stroke="#1565C0" stroke-width="5"/>

  <ellipse cx="400" cy="260" rx="45" ry="165" fill="none" stroke="#E53935" stroke-width="5"/>
  <ellipse cx="400" cy="260" rx="90" ry="165" fill="none" stroke="#E53935" stroke-width="4"/>
  <line x1="400" y1="95" x2="400" y2="425" stroke="#D50000" stroke-width="10"/>

  <circle cx="400" cy="95" r="18" fill="#1A237E"/>
  <text x="400" y="103" text-anchor="middle" font-family="Arial" font-size="22" font-weight="bold" fill="white">N</text>

  <circle cx="400" cy="425" r="18" fill="#1A237E"/>
  <text x="400" y="433" text-anchor="middle" font-family="Arial" font-size="22" font-weight="bold" fill="white">S</text>

  <rect x="430" y="105" width="310" height="48" rx="16" fill="#FFFFFF" stroke="#D50000" stroke-width="3"/>
  <text x="585" y="137" text-anchor="middle" font-family="Arial" font-size="22" font-weight="bold" fill="#D50000">
    Meridiano di Greenwich 0°
  </text>
  <path d="M430 130 L402 160" stroke="#D50000" stroke-width="4"/>

  <path d="M400 260 Q470 210 505 155" fill="none" stroke="#6A1B9A" stroke-width="7"/>
  <polygon points="505,155 487,163 502,176" fill="#6A1B9A"/>

  <rect x="500" y="230" width="190" height="50" rx="16" fill="#FFFFFF" stroke="#6A1B9A" stroke-width="3"/>
  <text x="595" y="263" text-anchor="middle" font-family="Arial" font-size="24" font-weight="bold" fill="#6A1B9A">
    Longitudine
  </text>

  <rect x="80" y="105" width="170" height="45" rx="16" fill="#FFFFFF" stroke="#1A237E" stroke-width="3"/>
  <text x="165" y="136" text-anchor="middle" font-family="Arial" font-size="23" font-weight="bold" fill="#1A237E">
    Polo Nord
  </text>

  <rect x="80" y="380" width="170" height="45" rx="16" fill="#FFFFFF" stroke="#1A237E" stroke-width="3"/>
  <text x="165" y="411" text-anchor="middle" font-family="Arial" font-size="23" font-weight="bold" fill="#1A237E">
    Polo Sud
  </text>

  <circle cx="400" cy="260" r="22" fill="#D50000"/>
  <text x="400" y="269" text-anchor="middle" font-family="Arial" font-size="25" font-weight="bold" fill="white">1</text>

  <circle cx="400" cy="95" r="22" fill="#1A237E"/>
  <text x="400" y="104" text-anchor="middle" font-family="Arial" font-size="25" font-weight="bold" fill="white">2</text>

  <circle cx="400" cy="425" r="22" fill="#1A237E"/>
  <text x="400" y="434" text-anchor="middle" font-family="Arial" font-size="25" font-weight="bold" fill="white">3</text>

  <circle cx="500" cy="165" r="22" fill="#6A1B9A"/>
  <text x="500" y="174" text-anchor="middle" font-family="Arial" font-size="25" font-weight="bold" fill="white">4</text>
</svg>
